<?xml version="1.0" encoding="UTF-8"?>
<!-- Generated by org.testng.reporters.JUnitReportReporter -->
<testsuite hostname="Renuka" failures="0" tests="1" name="Playwright_Scripts.logging_orangehrm" time="15.409" errors="0" timestamp="2023-07-26T18:48:18 IST" skipped="0">
  <testcase classname="Playwright_Scripts.logging_orangehrm" name="logging" time="15.409"/>
</testsuite> <!-- Playwright_Scripts.logging_orangehrm -->
